<?xml version="1.0" encoding="UTF-8"?>
<!-- Generated by org.testng.reporters.JUnitReportReporter -->
<testsuite hostname="DESKTOP-R4Q93GI" failures="0" tests="6" name="testNG.SkipTestCase" time="0.058" errors="0" timestamp="2023-06-05T06:32:59 IST" skipped="1">
  <testcase classname="testNG.SkipTestCase" name="startThecar" time="0.028"/>
  <system-out/>
  <testcase classname="testNG.SkipTestCase" name="putFirstGear" time="0.006"/>
  <system-out/>
  <testcase classname="testNG.SkipTestCase" name="putSecondGear" time="0.017"/>
  <system-out/>
  <testcase classname="testNG.SkipTestCase" name="putThirdGear" time="0.002"/>
  <system-out/>
  <testcase classname="testNG.SkipTestCase" name="putFourGear" time="0.005"/>
  <system-out/>
  <testcase classname="testNG.SkipTestCase" name="putMusic">
    <skipped/>
  </testcase> <!-- putMusic -->
  <system-out/>
</testsuite> <!-- testNG.SkipTestCase -->
