<?xml version="1.0" encoding="UTF-8"?>
<!-- Generated by org.testng.reporters.JUnitReportReporter -->
<testsuite hostname="DESKTOP-R4Q93GI" failures="0" tests="2" name="testNG.Parallel" time="74.611" errors="0" timestamp="2023-06-06T06:33:43 IST" skipped="0">
  <testcase classname="testNG.Parallel" name="openChrome" time="39.531"/>
  <system-out/>
  <testcase classname="testNG.Parallel" name="openBing" time="35.080"/>
  <system-out/>
</testsuite> <!-- testNG.Parallel -->
