<?xml version="1.0" encoding="UTF-8"?>
<!-- Generated by org.testng.reporters.JUnitReportReporter -->
<testsuite hostname="DESKTOP-R4Q93GI" failures="0" tests="3" name="testNG.SuiteExample" time="33.701" errors="0" timestamp="2023-06-06T05:31:40 IST" skipped="0">
  <testcase classname="testNG.SuiteExample" name="google" time="7.893"/>
  <system-out/>
  <testcase classname="testNG.SuiteExample" name="yahoo" time="23.621"/>
  <system-out/>
  <testcase classname="testNG.SuiteExample" name="bing" time="2.187"/>
  <system-out/>
</testsuite> <!-- testNG.SuiteExample -->
