<?xml version="1.0" encoding="UTF-8"?>
<!-- Generated by org.testng.reporters.JUnitReportReporter -->
<testsuite hostname="DESKTOP-R4Q93GI" failures="0" tests="3" name="testNG.DependentMethod" time="0.061" errors="0" timestamp="2023-06-05T06:56:01 IST" skipped="0">
  <testcase classname="testNG.DependentMethod" name="highSchool" time="0.035"/>
  <system-out/>
  <testcase classname="testNG.DependentMethod" name="higherSec" time="0.021"/>
  <system-out/>
  <testcase classname="testNG.DependentMethod" name="engineering" time="0.005"/>
  <system-out/>
</testsuite> <!-- testNG.DependentMethod -->
