<?xml version="1.0" encoding="UTF-8"?>
<!-- Generated by org.testng.reporters.JUnitReportReporter -->
<testsuite hostname="DESKTOP-R4Q93GI" failures="0" tests="5" name="testNG.priorityTestCase" time="0.075" errors="0" timestamp="2023-06-05T06:30:11 IST" skipped="0">
  <testcase classname="testNG.priorityTestCase" name="startThecar" time="0.032"/>
  <system-out/>
  <testcase classname="testNG.priorityTestCase" name="putFirstGear" time="0.005"/>
  <system-out/>
  <testcase classname="testNG.priorityTestCase" name="putSecondGear" time="0.017"/>
  <system-out/>
  <testcase classname="testNG.priorityTestCase" name="putThirdGear" time="0.010"/>
  <system-out/>
  <testcase classname="testNG.priorityTestCase" name="putFourGear" time="0.011"/>
  <system-out/>
</testsuite> <!-- testNG.priorityTestCase -->
