<?xml version="1.0" encoding="UTF-8"?>
<!-- Generated by org.testng.reporters.JUnitReportReporter -->
<testsuite hostname="DESKTOP-R4Q93GI" failures="0" tests="1" name="testNG.AssertionExample" time="0.028" errors="0" timestamp="2023-06-07T05:53:21 IST" skipped="0">
  <testcase classname="testNG.AssertionExample" name="nameEquals" time="0.028"/>
  <system-out/>
</testsuite> <!-- testNG.AssertionExample -->
