<?xml version="1.0" encoding="UTF-8"?>
<!-- Generated by org.testng.reporters.JUnitReportReporter -->
<testsuite hostname="DESKTOP-R4Q93GI" failures="0" tests="1" name="testNG.ParameterizationExample" time="0.022" errors="0" timestamp="2023-06-06T06:12:50 IST" skipped="0">
  <testcase classname="testNG.ParameterizationExample" name="printName" time="0.022"/>
  <system-out/>
</testsuite> <!-- testNG.ParameterizationExample -->
