<?xml version="1.0" encoding="UTF-8"?>
<!-- Generated by org.testng.reporters.JUnitReportReporter -->
<testsuite hostname="DESKTOP-R4Q93GI" failures="0" tests="1" name="testNG.AnnotationHierachyExample" time="0.020" errors="0" timestamp="2023-06-07T06:01:18 IST" skipped="0">
  <testcase classname="testNG.AnnotationHierachyExample" name="f" time="0.020"/>
  <system-out/>
</testsuite> <!-- testNG.AnnotationHierachyExample -->
