<?xml version="1.0" encoding="UTF-8"?>
<!-- Generated by org.testng.reporters.JUnitReportReporter -->
<testsuite hostname="DESKTOP-R4Q93GI" failures="0" tests="4" name="testNG.GroupExample" time="0.044" errors="0" timestamp="2023-06-06T05:56:55 IST" skipped="0">
  <testcase classname="testNG.GroupExample" name="moto1" time="0.030"/>
  <system-out/>
  <testcase classname="testNG.GroupExample" name="vivo2" time="0.002"/>
  <system-out/>
  <testcase classname="testNG.GroupExample" name="moto2" time="0.007"/>
  <system-out/>
  <testcase classname="testNG.GroupExample" name="vivo1" time="0.005"/>
  <system-out/>
</testsuite> <!-- testNG.GroupExample -->
