<?xml version="1.0" encoding="UTF-8"?>
<!-- Generated by org.testng.reporters.JUnitReportReporter -->
<testsuite hostname="DESKTOP-R4Q93GI" failures="0" tests="4" name="testNG.SampleTestNG" time="0.079" errors="0" timestamp="2023-06-05T06:26:19 IST" skipped="0">
  <testcase classname="testNG.SampleTestNG" name="thirdCase" time="0.008"/>
  <system-out/>
  <testcase classname="testNG.SampleTestNG" name="secondCase" time="0.034"/>
  <system-out/>
  <testcase classname="testNG.SampleTestNG" name="fivethCase" time="0.030"/>
  <system-out/>
  <testcase classname="testNG.SampleTestNG" name="fourthCase" time="0.007"/>
  <system-out/>
</testsuite> <!-- testNG.SampleTestNG -->
